#
# There is insufficient memory for the Java Runtime Environment to continue.
# Native memory allocation (malloc) failed to allocate 1048576 bytes for AllocateHeap
# Possible reasons:
#   The system is out of physical RAM or swap space
#   The process is running with CompressedOops enabled, and the Java Heap may be blocking the growth of the native heap
# Possible solutions:
#   Reduce memory load on the system
#   Increase physical memory or swap space
#   Check if swap backing store is full
#   Decrease Java heap size (-Xmx/-Xms)
#   Decrease number of Java threads
#   Decrease Java thread stack sizes (-Xss)
#   Set larger code cache with -XX:ReservedCodeCacheSize=
#   JVM is running with Unscaled Compressed Oops mode in which the Java heap is
#     placed in the first 4GB address space. The Java Heap base address is the
#     maximum limit for the native heap growth. Please use -XX:HeapBaseMinAddress
#     to set the Java Heap base and to place the Java Heap above 4GB virtual address.
# This output file may be truncated or incomplete.
#
#  Out of Memory Error (memory/allocation.inline.hpp:61), pid=18604, tid=0x0000000000004338
#
# JRE version:  (8.0_202-b39) (build )
# Java VM: OpenJDK 64-Bit Server VM (25.202-b39 mixed mode windows-amd64 compressed oops)
# Failed to write core dump. Minidumps are not enabled by default on client versions of Windows
#

---------------  T H R E A D  ---------------

Current thread (0x0000000002f92800):  JavaThread "Unknown thread" [_thread_in_vm, id=17208, stack(0x0000000002a60000,0x0000000002b60000)]

Stack: [0x0000000002a60000,0x0000000002b60000]
[error occurred during error reporting (printing stack bounds), id 0xc0000005]

Native frames: (J=compiled Java code, j=interpreted, Vv=VM code, C=native code)


---------------  P R O C E S S  ---------------

Java Threads: ( => current thread )

Other Threads:

=>0x0000000002f92800 (exited) JavaThread "Unknown thread" [_thread_in_vm, id=17208, stack(0x0000000002a60000,0x0000000002b60000)]

VM state:not at safepoint (normal execution)

VM Mutex/Monitor currently owned by a thread: None

heap address: 0x0000000086800000, size: 1944 MB, Compressed Oops mode: 32-bit
Narrow klass base: 0x0000000000000000, Narrow klass shift: 3
Compressed class space size: 1073741824 Address: 0x0000000100000000

Heap:
 PSYoungGen      total 36352K, used 624K [0x00000000d7800000, 0x00000000da080000, 0x0000000100000000)
  eden space 31232K, 2% used [0x00000000d7800000,0x00000000d789c298,0x00000000d9680000)
  from space 5120K, 0% used [0x00000000d9b80000,0x00000000d9b80000,0x00000000da080000)
  to   space 5120K, 0% used [0x00000000d9680000,0x00000000d9680000,0x00000000d9b80000)
 ParOldGen       total 83456K, used 0K [0x0000000086800000, 0x000000008b980000, 0x00000000d7800000)
  object space 83456K, 0% used [0x0000000086800000,0x0000000086800000,0x000000008b980000)
 Metaspace       used 777K, capacity 4480K, committed 4480K, reserved 1056768K
  class space    used 74K, capacity 384K, committed 384K, reserved 1048576K

Card table byte_map: [0x0000000012450000,0x0000000012820000] byte_map_base: 0x000000001201c000

Marking Bits: (ParMarkBitMap*) 0x000000006e199f30
 Begin Bits: [0x0000000012eb0000, 0x0000000014d10000)
 End Bits:   [0x0000000014d10000, 0x0000000016b70000)

Polling page: 0x0000000000e90000

CodeCache: size=245760Kb used=328Kb max_used=328Kb free=245431Kb
 bounds [0x0000000003090000, 0x0000000003300000, 0x0000000012090000]
 total_blobs=57 nmethods=0 adapters=38
 compilation: enabled

Compilation events (0 events):
No events

GC Heap History (0 events):
No events

Deoptimization events (0 events):
No events

Classes redefined (0 events):
No events

Internal exceptions (0 events):
No events

Events (10 events):
Event: 0.071 loading class java/lang/Short
Event: 0.072 loading class java/lang/Short done
Event: 0.072 loading class java/lang/Integer
Event: 0.072 loading class java/lang/Integer done
Event: 0.072 loading class java/lang/Long
Event: 0.073 loading class java/lang/Long done
Event: 0.074 loading class java/lang/NullPointerException
Event: 0.074 loading class java/lang/NullPointerException done
Event: 0.074 loading class java/lang/ArithmeticException
Event: 0.074 loading class java/lang/ArithmeticException done


Dynamic libraries:
0x00007ff7efe30000 - 0x00007ff7efe61000 	D:\Idea2019\IntelliJ IDEA 2019.1\jre64\bin\java.exe
0x00007ff8d3ca0000 - 0x00007ff8d3e90000 	C:\WINDOWS\SYSTEM32\ntdll.dll
0x00007ff8d3ba0000 - 0x00007ff8d3c52000 	C:\WINDOWS\System32\KERNEL32.DLL
0x00007ff8d0e50000 - 0x00007ff8d10f3000 	C:\WINDOWS\System32\KERNELBASE.dll
0x00007ff8d2570000 - 0x00007ff8d2613000 	C:\WINDOWS\System32\ADVAPI32.dll
0x00007ff8d1e60000 - 0x00007ff8d1efe000 	C:\WINDOWS\System32\msvcrt.dll
0x00007ff8d3840000 - 0x00007ff8d38d7000 	C:\WINDOWS\System32\sechost.dll
0x00007ff8d1f00000 - 0x00007ff8d2020000 	C:\WINDOWS\System32\RPCRT4.dll
0x00007ff8d2b10000 - 0x00007ff8d2ca4000 	C:\WINDOWS\System32\USER32.dll
0x00007ff8d13f0000 - 0x00007ff8d1411000 	C:\WINDOWS\System32\win32u.dll
0x00007ff8d3770000 - 0x00007ff8d3796000 	C:\WINDOWS\System32\GDI32.dll
0x00007ff8d1100000 - 0x00007ff8d1294000 	C:\WINDOWS\System32\gdi32full.dll
0x00007ff8d14d0000 - 0x00007ff8d156e000 	C:\WINDOWS\System32\msvcp_win.dll
0x00007ff8d12a0000 - 0x00007ff8d139a000 	C:\WINDOWS\System32\ucrtbase.dll
0x00007ff8d0000000 - 0x00007ff8d0285000 	C:\WINDOWS\WinSxS\amd64_microsoft.windows.common-controls_6595b64144ccf1df_6.0.18362.720_none_e6beb5c51314836b\COMCTL32.dll
0x00007ff8d20d0000 - 0x00007ff8d2406000 	C:\WINDOWS\System32\combase.dll
0x00007ff8d0da0000 - 0x00007ff8d0e20000 	C:\WINDOWS\System32\bcryptPrimitives.dll
0x00007ff8d37a0000 - 0x00007ff8d37ce000 	C:\WINDOWS\System32\IMM32.DLL
0x000000006d8f0000 - 0x000000006d9c2000 	D:\Idea2019\IntelliJ IDEA 2019.1\jre64\bin\msvcr100.dll
0x000000006d9d0000 - 0x000000006e216000 	D:\Idea2019\IntelliJ IDEA 2019.1\jre64\bin\server\jvm.dll
0x00007ff8d1e50000 - 0x00007ff8d1e58000 	C:\WINDOWS\System32\PSAPI.DLL
0x00007ff8bdf40000 - 0x00007ff8bdf49000 	C:\WINDOWS\SYSTEM32\WSOCK32.dll
0x00007ff8d3410000 - 0x00007ff8d347f000 	C:\WINDOWS\System32\WS2_32.dll
0x00007ff8c88d0000 - 0x00007ff8c88f4000 	C:\WINDOWS\SYSTEM32\WINMM.dll
0x00007ff8cdc30000 - 0x00007ff8cdc3a000 	C:\WINDOWS\SYSTEM32\VERSION.dll
0x00007ff8c88a0000 - 0x00007ff8c88cd000 	C:\WINDOWS\SYSTEM32\WINMMBASE.dll
0x00007ff8d13a0000 - 0x00007ff8d13ea000 	C:\WINDOWS\System32\cfgmgr32.dll
0x00007ff8d0610000 - 0x00007ff8d061f000 	D:\Idea2019\IntelliJ IDEA 2019.1\jre64\bin\verify.dll
0x00007ff8cef20000 - 0x00007ff8cef49000 	D:\Idea2019\IntelliJ IDEA 2019.1\jre64\bin\java.dll
0x00007ff8cef00000 - 0x00007ff8cef16000 	D:\Idea2019\IntelliJ IDEA 2019.1\jre64\bin\zip.dll

VM Arguments:
java_command: org.jetbrains.git4idea.http.GitAskPassApp Username for 'https://gitee.com': 
java_class_path (initial): D:/Idea2019/IntelliJ IDEA 2019.1/plugins/git4idea/lib/git4idea-rt.jar;D:/Idea2019/IntelliJ IDEA 2019.1/lib/xmlrpc-2.0.1.jar;D:/Idea2019/IntelliJ IDEA 2019.1/lib/commons-codec-1.10.jar;D:/Idea2019/IntelliJ IDEA 2019.1/lib/util.jar
Launcher Type: SUN_STANDARD

Environment Variables:
JAVA_HOME=C:\Program Files\Java\jdk1.8.0_144
CLASSPATH=,;C:\Program Files\Java\jdk1.8.0_144\lib\tools.jar;C:\Program Files\Java\jdk1.8.0_144\lib\dt.jar
PATH=D:/GitSoftware/mingw64/libexec/git-core;D:/GitSoftware/mingw64/libexec/git-core;D:\GitSoftware\mingw64\bin;D:\GitSoftware\usr\bin;C:\Users\雅婷\bin;D:\Program Files (x86)\NetSarang\Xshell 6\;D:\orale\bin;D:\oral\bin;D:\orlace\bin;D:\app\雅婷\product\11.2.0\dbhome_1\bin;C;\Program Files\Microsoft MPI\Bin\;C:\ProgramData\Oracle\Java\javapath;C:\Program Files\Java\jdk-11.0.1\bin;C:\WINDOWS\system32;C:\WINDOWS;C:\WINDOWS\System32\Wbem;C:\WINDOWS\System32\WindowsPowerShell\v1.0\;C:\Program Files\Intel\WiFi\bin\;C:\Program Files\Common Files\Intel\WirelessCommon\;C:\WINDOWS\System32\OpenSSH\;C:\Program Files\Java\jdk1.8.0_144\bin;D:\Program Files (x86)\Microsoft SQL Server\140\Tools\Binn\;D:\Program Files\Microsoft SQL Server\140\Tools\Binn\;D:\Program Files (x86)\Microsoft SQL Server\140\DTS\Binn\;D:\Program Files\Microsoft SQL Server\140\DTS\Binn\;D:\Program Files\Microsoft SQL Server\Client SDK\ODBC\130\Tools\Binn\;D:\Program Files (x86)\Microsoft SQL Server\Client SDK\ODBC\130\Tools\Binn\;D:\Program Files (x86)\Microsoft SQL Server\140\Tools\Binn\ManagementStudio\;C:\Program Files (x86)\MySQL\MySQL Server 5.5\bin;C:\Program Files\IDM Computer Solutions\UltraEdit;C:\Program Files\TortoiseSVN\bin;D:\NedenuSoft\apache-maven-3.5.4\bin;D:\Program Files (x86)\Scripts\;D:\Program Files (x86)\;C:\Users\雅婷\AppData\Local\Microsoft\WindowsApps;;D:\东软实训软件\Microsoft VS Code\bin
USERNAME=雅婷
DISPLAY=:0.0
OS=Windows_NT
PROCESSOR_IDENTIFIER=Intel64 Family 6 Model 78 Stepping 3, GenuineIntel



---------------  S Y S T E M  ---------------

OS: Windows 10.0 , 64 bit Build 18362 (10.0.18362.329)

CPU:total 4 (initial active 4) (2 cores per cpu, 2 threads per core) family 6 model 78 stepping 3, cmov, cx8, fxsr, mmx, sse, sse2, sse3, ssse3, sse4.1, sse4.2, popcnt, avx, avx2, aes, clmul, erms, 3dnowpref, lzcnt, ht, tsc, tscinvbit, bmi1, bmi2, adx

Memory: 4k page, physical 7958964k(474392k free), swap 21066160k(5808k free)

vm_info: OpenJDK 64-Bit Server VM (25.202-b39) for windows-amd64 JRE (1.8.0_202-release-1483-b39), built on Mar  7 2019 22:58:46 by "builduser" with MS VC++ 10.0 (VS2010)

time: Thu Apr 09 10:58:01 2020
timezone: 中国标准时间
elapsed time: 0 seconds (0d 0h 0m 0s)

